2026-03-21 15:26:53 [source.pytdx] INFO: Pytdx 初始化成功
2026-03-21 15:27:23 [source.pytdx] INFO: Pytdx A股获取成功: 000001.SH, 38 条
2026-03-21 15:27:29 [source.pytdx] WARNING: Pytdx 港股无数据: HSI.HK
2026-03-21 15:27:59 [source.pytdx] INFO: Pytdx A股获取成功: 399006.SZ, 38 条
2026-03-21 15:28:29 [source.pytdx] INFO: Pytdx A股获取成功: 000001.SZ, 38 条
2026-03-21 15:28:34 [source.pytdx] WARNING: Pytdx 港股无数据: 00700.HK
2026-03-21 15:32:14 [source.pytdx] INFO: Pytdx 初始化成功
2026-03-21 15:32:45 [source.pytdx] INFO: Pytdx A股获取成功: 000001.SH, 38 条
2026-03-21 15:32:50 [source.pytdx] WARNING: Pytdx 港股无数据: HSI.HK
2026-03-21 15:33:20 [source.pytdx] INFO: Pytdx A股获取成功: 399006.SZ, 38 条
2026-03-21 15:33:50 [source.pytdx] INFO: Pytdx A股获取成功: 000001.SZ, 38 条
2026-03-21 15:33:55 [source.pytdx] WARNING: Pytdx 港股无数据: 00700.HK
2026-03-21 15:46:47 [source.pytdx] INFO: Pytdx 初始化成功
2026-03-21 15:47:17 [source.pytdx] INFO: Pytdx A股获取成功: 000001.SH, 38 条
2026-03-21 15:47:22 [source.pytdx] WARNING: Pytdx 港股无数据: HSI.HK
2026-03-21 15:47:52 [source.pytdx] INFO: Pytdx A股获取成功: 399006.SZ, 38 条
2026-03-21 15:48:22 [source.pytdx] INFO: Pytdx A股获取成功: 000001.SZ, 38 条
2026-03-21 15:48:27 [source.pytdx] WARNING: Pytdx 港股无数据: 00700.HK
2026-03-21 16:02:20 [source.pytdx] INFO: Pytdx 初始化成功
2026-03-21 16:02:50 [source.pytdx] INFO: Pytdx A股获取成功: 000001.SH, 38 条
2026-03-21 16:02:51 [source.pytdx] INFO: Pytdx 港股获取成功: HSI.HK, 41 条
2026-03-21 16:03:21 [source.pytdx] INFO: Pytdx A股获取成功: 399006.SZ, 38 条
2026-03-21 16:03:51 [source.pytdx] INFO: Pytdx A股获取成功: 000001.SZ, 38 条
2026-03-21 16:03:51 [source.pytdx] INFO: Pytdx 港股获取成功: 00700.HK, 41 条
2026-03-21 16:32:03 [source.pytdx] INFO: Pytdx 初始化成功
2026-03-21 16:33:49 [source.pytdx] INFO: Pytdx 初始化成功
2026-03-21 16:34:19 [source.pytdx] WARNING: Pytdx 无数据: 801010.SH
2026-03-21 16:34:50 [source.pytdx] WARNING: Pytdx 无数据: 801020.SH
2026-03-21 16:36:39 [source.pytdx] INFO: Pytdx 初始化成功
2026-03-24 20:57:09 [source.pytdx] INFO: Pytdx 初始化成功
2026-03-24 20:57:39 [source.pytdx] INFO: Pytdx A股获取成功: 000001.SH, 37 条
2026-03-24 20:57:39 [source.pytdx] INFO: Pytdx 港股获取成功: HSI.HK, 40 条
2026-03-24 20:58:10 [source.pytdx] INFO: Pytdx A股获取成功: 399006.SZ, 37 条
2026-03-24 20:58:40 [source.pytdx] INFO: Pytdx A股获取成功: 000001.SZ, 37 条
2026-03-24 20:58:40 [source.pytdx] INFO: Pytdx 港股获取成功: 00700.HK, 40 条
2026-03-24 21:32:25 [source.pytdx] INFO: Pytdx 初始化成功
2026-03-24 21:32:55 [source.pytdx] INFO: Pytdx A股获取成功: 000001.SH, 57 条
2026-03-24 21:32:55 [source.pytdx] INFO: Pytdx 港股获取成功: HSI.HK, 59 条
2026-03-24 21:33:25 [source.pytdx] INFO: Pytdx A股获取成功: 399006.SZ, 57 条
2026-03-24 21:33:56 [source.pytdx] INFO: Pytdx A股获取成功: 000001.SZ, 57 条
2026-03-24 21:33:56 [source.pytdx] INFO: Pytdx 港股获取成功: 00700.HK, 59 条
2026-03-24 21:34:11 [source.pytdx] INFO: Pytdx 初始化成功
2026-03-24 21:34:41 [source.pytdx] INFO: Pytdx A股获取成功: 000001.SH, 57 条
2026-03-24 21:34:41 [source.pytdx] INFO: Pytdx 港股获取成功: HSI.HK, 59 条
2026-03-24 21:35:11 [source.pytdx] INFO: Pytdx A股获取成功: 399006.SZ, 57 条
2026-03-24 21:35:42 [source.pytdx] INFO: Pytdx A股获取成功: 000001.SZ, 57 条
2026-03-24 21:35:42 [source.pytdx] INFO: Pytdx 港股获取成功: 00700.HK, 59 条
