2026-03-21 15:26:52 [source.baostock] ERROR: Baostock 登录失败: 客户端版本不匹配，请使用'pip install baostock --upgrade'更新至下列版本00.8.90|00.9.00
2026-03-21 15:26:52 [source.baostock] ERROR: Baostock 登录失败: 客户端版本不匹配，请使用'pip install baostock --upgrade'更新至下列版本00.8.90|00.9.00
2026-03-21 15:26:52 [source.baostock] ERROR: Baostock 登录失败: 客户端版本不匹配，请使用'pip install baostock --upgrade'更新至下列版本00.8.90|00.9.00
2026-03-21 15:26:53 [source.baostock] ERROR: Baostock 登录失败: 客户端版本不匹配，请使用'pip install baostock --upgrade'更新至下列版本00.8.90|00.9.00
2026-03-21 15:32:13 [source.baostock] INFO: Baostock 初始化成功
2026-03-21 15:32:13 [source.baostock] INFO: Baostock 获取成功: 000001.SH, 38 条
2026-03-21 15:32:14 [source.baostock] INFO: Baostock 获取成功: 399006.SZ, 38 条
2026-03-21 15:32:14 [source.baostock] INFO: Baostock 获取成功: 000001.SZ, 38 条
2026-03-21 15:32:14 [source.baostock] INFO: Baostock 已登出
2026-03-21 15:33:58 [source.baostock] INFO: Baostock 初始化成功
2026-03-21 15:33:58 [source.baostock] WARNING: Baostock 无数据: 000001.SZ (20260321-20260321)
2026-03-21 15:33:58 [source.baostock] INFO: Baostock 已登出
2026-03-21 15:46:45 [source.baostock] INFO: Baostock 初始化成功
2026-03-21 15:46:46 [source.baostock] INFO: Baostock 获取成功: 000001.SH, 38 条
2026-03-21 15:46:46 [source.baostock] INFO: Baostock 获取成功: 399006.SZ, 38 条
2026-03-21 15:46:46 [source.baostock] INFO: Baostock 获取成功: 000001.SZ, 38 条
2026-03-21 15:46:46 [source.baostock] INFO: Baostock 已登出
2026-03-21 16:02:19 [source.baostock] INFO: Baostock 初始化成功
2026-03-21 16:02:19 [source.baostock] INFO: Baostock 获取成功: 000001.SH, 38 条
2026-03-21 16:02:19 [source.baostock] INFO: Baostock 获取成功: 399006.SZ, 38 条
2026-03-21 16:02:20 [source.baostock] INFO: Baostock 获取成功: 000001.SZ, 38 条
2026-03-21 16:02:20 [source.baostock] INFO: Baostock 已登出
2026-03-21 16:29:47 [source.baostock] INFO: Baostock 初始化成功
2026-03-21 16:29:47 [source.baostock] WARNING: Baostock 无数据: 000001.SH (20260321-20260321)
2026-03-21 16:29:48 [source.baostock] WARNING: Baostock 无数据: 399006.SZ (20260321-20260321)
2026-03-21 16:31:58 [source.baostock] INFO: Baostock 初始化成功
2026-03-21 16:31:59 [source.baostock] WARNING: Baostock 无数据: 600519.SH (20260321-20260321)
2026-03-21 16:31:59 [source.baostock] WARNING: Baostock 无数据: 601318.SH (20260321-20260321)
2026-03-21 16:32:00 [source.baostock] WARNING: Baostock 无数据: 600036.SH (20260321-20260321)
2026-03-21 16:32:00 [source.baostock] WARNING: Baostock 无数据: 002594.SZ (20260321-20260321)
2026-03-21 16:32:00 [source.baostock] WARNING: Baostock 无数据: 300750.SZ (20260321-20260321)
2026-03-21 16:32:01 [source.baostock] WARNING: Baostock 无数据: 000858.SZ (20260321-20260321)
2026-03-21 16:32:02 [source.baostock] WARNING: Baostock 无数据: 002304.SZ (20260321-20260321)
2026-03-21 16:32:02 [source.baostock] WARNING: Baostock 无数据: 000568.SZ (20260321-20260321)
2026-03-21 16:32:02 [source.baostock] WARNING: Baostock 无数据: 600523.SH (20260321-20260321)
2026-03-21 16:32:03 [source.baostock] WARNING: Baostock 无数据: 600500.SH (20260321-20260321)
2026-03-21 16:32:03 [source.baostock] WARNING: Baostock 无数据: 600531.SH (20260321-20260321)
2026-03-21 16:32:03 [source.baostock] WARNING: Baostock 无数据: 600980.SH (20260321-20260321)
2026-03-21 16:32:03 [source.baostock] WARNING: Baostock 无数据: 600009.SH (20260321-20260321)
2026-03-21 16:32:03 [source.baostock] WARNING: Baostock 无数据: 801010.SH (20260321-20260321)
2026-03-21 16:33:49 [source.baostock] INFO: Baostock 初始化成功
2026-03-21 16:33:49 [source.baostock] WARNING: Baostock 无数据: 801010.SH (20260321-20260321)
2026-03-21 16:34:20 [source.baostock] WARNING: Baostock 无数据: 801020.SH (20260321-20260321)
2026-03-21 16:34:50 [source.baostock] WARNING: Baostock 无数据: 801110.SH (20260321-20260321)
2026-03-21 16:36:39 [source.baostock] INFO: Baostock 初始化成功
2026-03-21 16:36:39 [source.baostock] WARNING: Baostock 无数据: 801010.SH (20260321-20260321)
2026-03-21 16:46:22 [source.baostock] INFO: Baostock 初始化成功
2026-03-21 16:46:22 [source.baostock] WARNING: Baostock 无数据: 399001.SZ (20260321-20260321)
2026-03-21 16:46:22 [source.baostock] WARNING: Baostock 无数据: 000300.SH (20260321-20260321)
2026-03-21 16:46:22 [source.baostock] WARNING: Baostock 无数据: 000688.SH (20260321-20260321)
2026-03-21 17:03:19 [source.baostock] INFO: Baostock 初始化成功
2026-03-21 17:03:19 [source.baostock] WARNING: Baostock 无数据: 000001.SH (20260321-20260321)
2026-03-21 17:03:19 [source.baostock] WARNING: Baostock 无数据: 399001.SZ (20260321-20260321)
2026-03-21 17:03:20 [source.baostock] WARNING: Baostock 无数据: 399006.SZ (20260321-20260321)
2026-03-21 17:03:20 [source.baostock] WARNING: Baostock 无数据: 000300.SH (20260321-20260321)
2026-03-21 17:03:21 [source.baostock] WARNING: Baostock 无数据: 000688.SH (20260321-20260321)
2026-03-21 17:03:26 [source.baostock] WARNING: Baostock 无数据: 600519.SH (20260321-20260321)
2026-03-21 17:03:27 [source.baostock] WARNING: Baostock 无数据: 601318.SH (20260321-20260321)
2026-03-21 17:03:28 [source.baostock] WARNING: Baostock 无数据: 600036.SH (20260321-20260321)
2026-03-21 17:03:28 [source.baostock] WARNING: Baostock 无数据: 002594.SZ (20260321-20260321)
2026-03-21 17:03:28 [source.baostock] WARNING: Baostock 无数据: 300750.SZ (20260321-20260321)
2026-03-21 17:03:29 [source.baostock] WARNING: Baostock 无数据: 000858.SZ (20260321-20260321)
2026-03-21 17:03:29 [source.baostock] WARNING: Baostock 无数据: 002304.SZ (20260321-20260321)
2026-03-21 17:03:29 [source.baostock] WARNING: Baostock 无数据: 000568.SZ (20260321-20260321)
2026-03-21 17:03:30 [source.baostock] WARNING: Baostock 无数据: 600523.SH (20260321-20260321)
2026-03-21 17:03:30 [source.baostock] WARNING: Baostock 无数据: 600500.SH (20260321-20260321)
2026-03-21 17:03:30 [source.baostock] WARNING: Baostock 无数据: 600531.SH (20260321-20260321)
2026-03-21 17:03:31 [source.baostock] WARNING: Baostock 无数据: 600980.SH (20260321-20260321)
2026-03-21 17:03:31 [source.baostock] WARNING: Baostock 无数据: 600009.SH (20260321-20260321)
2026-03-21 17:19:30 [source.baostock] INFO: Baostock 初始化成功
2026-03-21 17:19:30 [source.baostock] WARNING: Baostock 无数据: 600519.SH (20260321-20260321)
2026-03-21 17:19:30 [source.baostock] INFO: Baostock 初始化成功
2026-03-21 17:19:30 [source.baostock] WARNING: Baostock 无数据: 600519.SH (20260321-20260321)
2026-03-21 17:19:30 [source.baostock] INFO: Baostock 初始化成功
2026-03-21 17:19:30 [source.baostock] WARNING: Baostock 无数据: 600519.SH (20260321-20260321)
2026-03-21 17:19:31 [source.baostock] INFO: Baostock 初始化成功
2026-03-21 17:19:31 [source.baostock] WARNING: Baostock 无数据: 600519.SH (20260321-20260321)
2026-03-21 17:19:35 [source.baostock] WARNING: Baostock 无数据: 601318.SH (20260321-20260321)
2026-03-21 17:19:35 [source.baostock] WARNING: Baostock 无数据: 600036.SH (20260321-20260321)
2026-03-21 17:19:35 [source.baostock] WARNING: Baostock 无数据: 002594.SZ (20260321-20260321)
2026-03-21 17:19:36 [source.baostock] WARNING: Baostock 无数据: 300750.SZ (20260321-20260321)
2026-03-21 17:19:36 [source.baostock] WARNING: Baostock 无数据: 000858.SZ (20260321-20260321)
2026-03-21 17:19:37 [source.baostock] WARNING: Baostock 无数据: 002304.SZ (20260321-20260321)
2026-03-21 17:19:37 [source.baostock] WARNING: Baostock 无数据: 000568.SZ (20260321-20260321)
2026-03-21 17:19:37 [source.baostock] WARNING: Baostock 无数据: 600523.SH (20260321-20260321)
2026-03-21 17:19:37 [source.baostock] WARNING: Baostock 无数据: 600500.SH (20260321-20260321)
2026-03-21 17:19:37 [source.baostock] WARNING: Baostock 无数据: 600531.SH (20260321-20260321)
2026-03-21 17:19:38 [source.baostock] WARNING: Baostock 无数据: 600980.SH (20260321-20260321)
2026-03-21 17:19:38 [source.baostock] WARNING: Baostock 无数据: 600009.SH (20260321-20260321)
2026-03-21 17:19:38 [source.baostock] WARNING: Baostock 无数据: 000001.SH (20260321-20260321)
2026-03-21 17:19:38 [source.baostock] WARNING: Baostock 无数据: 399001.SZ (20260321-20260321)
2026-03-21 17:19:39 [source.baostock] WARNING: Baostock 无数据: 399006.SZ (20260321-20260321)
2026-03-21 17:19:39 [source.baostock] WARNING: Baostock 无数据: 000300.SH (20260321-20260321)
2026-03-21 17:19:40 [source.baostock] WARNING: Baostock 无数据: 000688.SH (20260321-20260321)
2026-03-21 17:21:16 [source.baostock] WARNING: Baostock 无数据: 600501.SH (20260321-20260321)
2026-03-21 19:49:58 [source.baostock] INFO: Baostock 初始化成功
2026-03-21 19:49:59 [source.baostock] WARNING: Baostock 无数据: 000001.SZ (20260321-20260321)
2026-03-22 08:08:33 [source.baostock] INFO: Baostock 初始化成功
2026-03-22 08:08:33 [source.baostock] WARNING: Baostock 无数据: 600519.SH (20260322-20260322)
2026-03-22 08:08:35 [source.baostock] WARNING: Baostock 无数据: 601318.SH (20260322-20260322)
2026-03-22 08:08:36 [source.baostock] WARNING: Baostock 无数据: 600036.SH (20260322-20260322)
2026-03-22 08:08:37 [source.baostock] WARNING: Baostock 无数据: 002594.SZ (20260322-20260322)
2026-03-22 08:08:38 [source.baostock] WARNING: Baostock 无数据: 300750.SZ (20260322-20260322)
2026-03-22 08:08:39 [source.baostock] WARNING: Baostock 无数据: 000858.SZ (20260322-20260322)
2026-03-22 08:08:40 [source.baostock] WARNING: Baostock 无数据: 002304.SZ (20260322-20260322)
2026-03-22 08:08:40 [source.baostock] WARNING: Baostock 无数据: 000568.SZ (20260322-20260322)
2026-03-22 08:08:42 [source.baostock] WARNING: Baostock 无数据: 600523.SH (20260322-20260322)
2026-03-22 08:08:43 [source.baostock] WARNING: Baostock 无数据: 600500.SH (20260322-20260322)
2026-03-22 08:08:43 [source.baostock] WARNING: Baostock 无数据: 600531.SH (20260322-20260322)
2026-03-22 08:08:44 [source.baostock] WARNING: Baostock 无数据: 600980.SH (20260322-20260322)
2026-03-22 08:08:45 [source.baostock] WARNING: Baostock 无数据: 600009.SH (20260322-20260322)
2026-03-22 08:08:46 [source.baostock] WARNING: Baostock 无数据: 600501.SH (20260322-20260322)
2026-03-22 08:08:47 [source.baostock] WARNING: Baostock 无数据: 000001.SZ (20260322-20260322)
2026-03-22 08:08:47 [source.baostock] WARNING: Baostock 无数据: 000001.SH (20260322-20260322)
2026-03-22 08:08:49 [source.baostock] WARNING: Baostock 无数据: 399001.SZ (20260322-20260322)
2026-03-22 08:08:50 [source.baostock] WARNING: Baostock 无数据: 399006.SZ (20260322-20260322)
2026-03-22 08:08:51 [source.baostock] WARNING: Baostock 无数据: 000300.SH (20260322-20260322)
2026-03-22 08:08:52 [source.baostock] WARNING: Baostock 无数据: 000688.SH (20260322-20260322)
2026-03-22 09:30:50 [source.baostock] INFO: Baostock 初始化成功
2026-03-22 09:30:50 [source.baostock] WARNING: Baostock 无数据: 600519.SH (20260321-20260322)
2026-03-22 09:30:51 [source.baostock] WARNING: Baostock 无数据: 601318.SH (20260321-20260322)
2026-03-22 09:30:52 [source.baostock] WARNING: Baostock 无数据: 600036.SH (20260321-20260322)
2026-03-22 09:30:53 [source.baostock] WARNING: Baostock 无数据: 002594.SZ (20260321-20260322)
2026-03-22 09:30:54 [source.baostock] WARNING: Baostock 无数据: 300750.SZ (20260321-20260322)
2026-03-22 09:30:56 [source.baostock] WARNING: Baostock 无数据: 000858.SZ (20260321-20260322)
2026-03-22 09:30:57 [source.baostock] WARNING: Baostock 无数据: 002304.SZ (20260321-20260322)
2026-03-22 09:30:57 [source.baostock] WARNING: Baostock 无数据: 000568.SZ (20260321-20260322)
2026-03-22 09:30:59 [source.baostock] WARNING: Baostock 无数据: 600523.SH (20260321-20260322)
2026-03-22 09:30:59 [source.baostock] WARNING: Baostock 无数据: 600500.SH (20260321-20260322)
2026-03-22 09:31:00 [source.baostock] WARNING: Baostock 无数据: 600531.SH (20260321-20260322)
2026-03-22 09:31:01 [source.baostock] WARNING: Baostock 无数据: 600980.SH (20260321-20260322)
2026-03-22 09:31:02 [source.baostock] WARNING: Baostock 无数据: 600009.SH (20260321-20260322)
2026-03-22 09:31:03 [source.baostock] WARNING: Baostock 无数据: 600501.SH (20260321-20260322)
2026-03-22 09:31:04 [source.baostock] WARNING: Baostock 无数据: 000001.SZ (20260321-20260322)
2026-03-22 09:31:08 [source.baostock] WARNING: Baostock 无数据: 000001.SH (20260321-20260322)
2026-03-22 09:31:11 [source.baostock] WARNING: Baostock 无数据: 399001.SZ (20260321-20260322)
2026-03-22 09:31:12 [source.baostock] WARNING: Baostock 无数据: 399006.SZ (20260321-20260322)
2026-03-22 09:31:13 [source.baostock] WARNING: Baostock 无数据: 000300.SH (20260321-20260322)
2026-03-22 09:31:15 [source.baostock] WARNING: Baostock 无数据: 000688.SH (20260321-20260322)
2026-03-22 09:39:15 [source.baostock] INFO: Baostock 初始化成功
2026-03-22 09:39:15 [source.baostock] WARNING: Baostock 无数据: 000001.SH (20260321-20260322)
2026-03-22 10:13:29 [source.baostock] INFO: Baostock 初始化成功
2026-03-22 10:13:29 [source.baostock] WARNING: Baostock 无数据: 600519.SH (20260321-20260322)
2026-03-22 10:23:39 [source.baostock] INFO: Baostock 初始化成功
2026-03-22 10:23:39 [source.baostock] WARNING: Baostock 无数据: 000001.SZ (20260321-20260322)
2026-03-22 10:23:40 [source.baostock] WARNING: Baostock 无数据: 000001.SH (20260321-20260322)
2026-03-22 10:23:49 [source.baostock] WARNING: Baostock 无数据: 600519.SH (20260321-20260322)
2026-03-22 10:23:50 [source.baostock] WARNING: Baostock 无数据: 601318.SH (20260321-20260322)
2026-03-22 10:23:50 [source.baostock] WARNING: Baostock 无数据: 600036.SH (20260321-20260322)
2026-03-22 10:23:51 [source.baostock] WARNING: Baostock 无数据: 002594.SZ (20260321-20260322)
2026-03-22 10:23:52 [source.baostock] WARNING: Baostock 无数据: 300750.SZ (20260321-20260322)
2026-03-22 10:23:54 [source.baostock] WARNING: Baostock 无数据: 000858.SZ (20260321-20260322)
2026-03-22 10:23:55 [source.baostock] WARNING: Baostock 无数据: 002304.SZ (20260321-20260322)
2026-03-22 10:23:56 [source.baostock] WARNING: Baostock 无数据: 000568.SZ (20260321-20260322)
2026-03-22 10:23:57 [source.baostock] WARNING: Baostock 无数据: 600523.SH (20260321-20260322)
2026-03-22 10:23:58 [source.baostock] WARNING: Baostock 无数据: 600500.SH (20260321-20260322)
2026-03-22 10:23:58 [source.baostock] WARNING: Baostock 无数据: 600531.SH (20260321-20260322)
2026-03-22 10:23:59 [source.baostock] WARNING: Baostock 无数据: 600980.SH (20260321-20260322)
2026-03-22 10:24:00 [source.baostock] WARNING: Baostock 无数据: 600009.SH (20260321-20260322)
2026-03-22 10:24:00 [source.baostock] WARNING: Baostock 无数据: 600501.SH (20260321-20260322)
2026-03-22 10:24:02 [source.baostock] WARNING: Baostock 无数据: 399001.SZ (20260321-20260322)
2026-03-22 10:24:03 [source.baostock] WARNING: Baostock 无数据: 399006.SZ (20260321-20260322)
2026-03-22 10:24:04 [source.baostock] WARNING: Baostock 无数据: 000300.SH (20260321-20260322)
2026-03-22 10:24:04 [source.baostock] WARNING: Baostock 无数据: 000688.SH (20260321-20260322)
2026-03-22 10:24:37 [source.baostock] WARNING: Baostock 无数据: 000001.SH (20260321-20260322)
2026-03-22 10:39:49 [source.baostock] INFO: Baostock 初始化成功
2026-03-22 10:39:50 [source.baostock] WARNING: Baostock 无数据: 600519.SH (20260321-20260322)
2026-03-22 10:40:11 [source.baostock] WARNING: Baostock 无数据: 601318.SH (20260321-20260322)
2026-03-22 10:40:11 [source.baostock] WARNING: Baostock 无数据: 000001.SH (20260321-20260322)
2026-03-22 10:50:12 [source.baostock] INFO: Baostock 初始化成功
2026-03-22 10:50:15 [source.baostock] WARNING: Baostock 无数据: 601318.SH (20260321-20260322)
2026-03-22 10:50:18 [source.baostock] WARNING: Baostock 无数据: 600036.SH (20260321-20260322)
2026-03-22 10:50:19 [source.baostock] WARNING: Baostock 无数据: 600519.SH (20260321-20260322)
2026-03-22 11:18:36 [source.baostock] INFO: Baostock 初始化成功
2026-03-22 11:18:36 [source.baostock] WARNING: Baostock 无数据: 600519.SH (20260321-20260322)
2026-03-22 11:18:40 [source.baostock] WARNING: Baostock 无数据: 002594.SZ (20260321-20260322)
2026-03-22 11:18:42 [source.baostock] WARNING: Baostock 无数据: 300750.SZ (20260321-20260322)
2026-03-22 11:18:44 [source.baostock] WARNING: Baostock 无数据: 000858.SZ (20260321-20260322)
2026-03-22 11:18:45 [source.baostock] WARNING: Baostock 无数据: 002304.SZ (20260321-20260322)
2026-03-22 11:18:46 [source.baostock] WARNING: Baostock 无数据: 000568.SZ (20260321-20260322)
2026-03-22 11:18:50 [source.baostock] WARNING: Baostock 无数据: 600523.SH (20260321-20260322)
2026-03-22 11:18:52 [source.baostock] WARNING: Baostock 无数据: 600500.SH (20260321-20260322)
2026-03-22 11:18:53 [source.baostock] WARNING: Baostock 无数据: 600531.SH (20260321-20260322)
2026-03-22 11:18:53 [source.baostock] WARNING: Baostock 无数据: 600980.SH (20260321-20260322)
2026-03-22 11:18:54 [source.baostock] WARNING: Baostock 无数据: 600009.SH (20260321-20260322)
2026-03-22 11:18:55 [source.baostock] WARNING: Baostock 无数据: 600501.SH (20260321-20260322)
2026-03-22 11:18:57 [source.baostock] WARNING: Baostock 无数据: 000001.SZ (20260321-20260322)
2026-03-22 11:19:01 [source.baostock] WARNING: Baostock 无数据: 399001.SZ (20260321-20260322)
2026-03-22 11:19:02 [source.baostock] WARNING: Baostock 无数据: 399006.SZ (20260321-20260322)
2026-03-22 11:19:03 [source.baostock] WARNING: Baostock 无数据: 000300.SH (20260321-20260322)
2026-03-22 11:19:04 [source.baostock] WARNING: Baostock 无数据: 000688.SH (20260321-20260322)
2026-03-22 11:22:19 [source.baostock] INFO: Baostock 初始化成功
2026-03-22 11:22:20 [source.baostock] WARNING: Baostock 无数据: 000688.SH (20260321-20260322)
2026-03-22 11:22:50 [source.baostock] WARNING: Baostock 无数据: 000010.SZ (20260321-20260322)
2026-03-22 11:22:50 [source.baostock] WARNING: Baostock 无数据: 000010.SZ (20260321-20260322)
2026-03-22 11:22:50 [source.baostock] WARNING: Baostock 无数据: 000010.SZ (20260321-20260322)
2026-03-22 11:36:47 [source.baostock] INFO: Baostock 初始化成功
2026-03-22 11:36:47 [source.baostock] WARNING: Baostock 无数据: 000568.SZ (20260321-20260322)
2026-03-22 11:37:35 [source.baostock] WARNING: Baostock 无数据: 600523.SH (20260321-20260322)
2026-03-22 14:23:37 [source.baostock] INFO: Baostock 初始化成功
2026-03-22 14:23:41 [source.baostock] INFO: Baostock 获取成功: 601318.SH, 4632 条
2026-03-22 14:23:44 [source.baostock] INFO: Baostock 获取成功: 002594.SZ, 3575 条
2026-03-22 14:23:47 [source.baostock] INFO: Baostock 获取成功: 300750.SZ, 1886 条
2026-03-22 19:51:17 [source.baostock] INFO: Baostock 初始化成功
2026-03-22 19:51:18 [source.baostock] WARNING: Baostock 无数据: 601318.SH (20260321-20260322)
2026-03-22 19:51:26 [source.baostock] WARNING: Baostock 无数据: 300750.SZ (20260321-20260322)
2026-03-22 19:51:30 [source.baostock] WARNING: Baostock 无数据: 002304.SZ (20260321-20260322)
2026-03-22 19:53:27 [source.baostock] WARNING: Baostock 无数据: 002594.SZ (20260321-20260322)
2026-03-22 19:53:27 [source.baostock] WARNING: Baostock 无数据: 002594.SZ (20260321-20260322)
2026-03-22 19:53:37 [source.baostock] WARNING: Baostock 无数据: 002594.SZ (20260321-20260322)
2026-03-22 19:53:37 [source.baostock] WARNING: Baostock 无数据: 002304.SZ (20260321-20260322)
2026-03-22 19:54:26 [source.baostock] WARNING: Baostock 无数据: 002304.SZ (20260321-20260322)
2026-03-22 19:54:42 [source.baostock] WARNING: Baostock 无数据: 002304.SZ (20260321-20260322)
2026-03-22 19:54:48 [source.baostock] WARNING: Baostock 无数据: 601318.SH (20260321-20260322)
2026-03-22 19:55:13 [source.baostock] WARNING: Baostock 无数据: 601318.SH (20260321-20260322)
2026-03-22 19:55:23 [source.baostock] WARNING: Baostock 无数据: 601318.SH (20260321-20260322)
2026-03-22 19:55:30 [source.baostock] WARNING: Baostock 无数据: 002304.SZ (20260321-20260322)
2026-03-22 20:00:53 [source.baostock] INFO: Baostock 初始化成功
2026-03-22 20:00:54 [source.baostock] WARNING: Baostock 无数据: 300750.SZ (20260321-20260322)
2026-03-22 20:00:57 [source.baostock] WARNING: Baostock 无数据: 399006.SZ (20260321-20260322)
2026-03-22 20:04:58 [source.baostock] INFO: Baostock 获取成功: 601318.SH, 4632 条
2026-03-22 20:05:02 [source.baostock] INFO: Baostock 获取成功: 002594.SZ, 3575 条
2026-03-22 20:05:05 [source.baostock] INFO: Baostock 获取成功: 300750.SZ, 1886 条
2026-03-22 20:05:13 [source.baostock] INFO: Baostock 获取成功: 002304.SZ, 3975 条
2026-03-22 20:06:24 [source.baostock] WARNING: Baostock 无数据: 000568.SZ (20260321-20260322)
2026-03-22 20:07:17 [source.baostock] WARNING: Baostock 无数据: 000568.SZ (20260321-20260322)
2026-03-22 20:25:28 [source.baostock] INFO: Baostock 初始化成功
2026-03-22 20:25:28 [source.baostock] WARNING: Baostock 无数据: 600519.SH (20260321-20260322)
2026-03-22 20:25:30 [source.baostock] WARNING: Baostock 无数据: 601318.SH (20260321-20260322)
2026-03-22 20:25:30 [source.baostock] WARNING: Baostock 无数据: 002594.SZ (20260321-20260322)
2026-03-22 20:25:31 [source.baostock] WARNING: Baostock 无数据: 300750.SZ (20260321-20260322)
2026-03-22 20:25:33 [source.baostock] WARNING: Baostock 无数据: 002304.SZ (20260321-20260322)
2026-03-22 20:25:34 [source.baostock] WARNING: Baostock 无数据: 000568.SZ (20260321-20260322)
2026-03-22 20:25:35 [source.baostock] WARNING: Baostock 无数据: 600009.SH (20260321-20260322)
2026-03-22 20:25:36 [source.baostock] WARNING: Baostock 无数据: 000001.SH (20260321-20260322)
2026-03-22 20:25:37 [source.baostock] WARNING: Baostock 无数据: 399001.SZ (20260321-20260322)
2026-03-22 20:25:37 [source.baostock] WARNING: Baostock 无数据: 399006.SZ (20260321-20260322)
2026-03-22 20:25:38 [source.baostock] WARNING: Baostock 无数据: 000300.SH (20260321-20260322)
2026-03-22 20:25:39 [source.baostock] WARNING: Baostock 无数据: 000688.SH (20260321-20260322)
2026-03-22 20:36:36 [source.baostock] ERROR: Baostock 查询错误 000568.SZ: 网络接收错误。
2026-03-22 20:36:36 [source.baostock] ERROR: Baostock 查询错误 000568.SZ: 网络接收错误。
2026-03-22 20:36:36 [source.baostock] ERROR: Baostock 查询错误 000568.SZ: 网络接收错误。
2026-03-22 20:37:20 [source.baostock] ERROR: Baostock 查询错误 600009.SH: 网络接收错误。
2026-03-22 20:37:23 [source.baostock] ERROR: Baostock 查询错误 000001.SH: 网络接收错误。
2026-03-22 20:37:34 [source.baostock] ERROR: Baostock 查询错误 000001.SH: 网络接收错误。
2026-03-22 20:38:14 [source.baostock] ERROR: Baostock 查询错误 600519.SH: 网络接收错误。
2026-03-22 20:38:38 [source.baostock] ERROR: Baostock 查询错误 399001.SZ: 网络接收错误。
2026-03-22 20:38:57 [source.baostock] ERROR: Baostock 查询错误 000688.SH: 网络接收错误。
2026-03-22 20:39:43 [source.baostock] ERROR: Baostock 查询错误 000001.SH: 网络接收错误。
2026-03-22 20:39:58 [source.baostock] ERROR: Baostock 查询错误 000001.SH: 网络接收错误。
2026-03-23 22:36:58 [source.baostock] INFO: Baostock 初始化成功
2026-03-23 22:37:05 [source.baostock] INFO: Baostock 获取成功: 399006.SZ, 3837 条
2026-03-23 22:40:48 [source.baostock] INFO: Baostock 初始化成功
2026-03-23 22:41:20 [source.baostock] INFO: Baostock 获取成功: 000300.SH, 5151 条
2026-03-23 23:16:55 [source.baostock] INFO: Baostock 初始化成功
2026-03-23 23:16:55 [source.baostock] WARNING: Baostock 无数据: 000688.SH (20030101-20260323)
2026-03-23 23:19:09 [source.baostock] INFO: Baostock 获取成功: 399006.SZ, 3837 条
2026-03-23 23:20:20 [source.baostock] ERROR: Baostock 查询错误 399006.SZ: 网络接收错误。
2026-03-23 23:20:26 [source.baostock] ERROR: Baostock 查询错误 399006.SZ: 网络接收错误。
2026-03-23 23:52:52 [source.baostock] INFO: Baostock 初始化成功
2026-03-23 23:52:52 [source.baostock] INFO: Baostock 获取成功: 600519.SH, 6 条
2026-03-23 23:53:00 [source.baostock] ERROR: Baostock 查询错误 600519.SH: 网络接收错误。
2026-03-23 23:53:05 [source.baostock] ERROR: Baostock 查询错误 601318.SH: 网络接收错误。
2026-03-23 23:53:06 [source.baostock] ERROR: Baostock 查询错误 601318.SH: 网络接收错误。
2026-03-23 23:53:13 [source.baostock] ERROR: Baostock 查询错误 002594.SZ: 网络接收错误。
2026-03-23 23:53:26 [source.baostock] ERROR: Baostock 查询错误 600519.SH: 网络接收错误。
2026-03-23 23:53:43 [source.baostock] ERROR: Baostock 查询错误 600519.SH: 网络接收错误。
2026-03-23 23:54:00 [source.baostock] ERROR: Baostock 查询错误 002594.SZ: 网络接收错误。
2026-03-23 23:54:01 [source.baostock] ERROR: Baostock 查询错误 300750.SZ: 网络接收错误。
2026-03-23 23:54:19 [source.baostock] ERROR: Baostock 查询错误 600519.SH: 网络接收错误。
2026-03-23 23:54:37 [source.baostock] ERROR: Baostock 查询错误 601318.SH: 网络接收错误。
2026-03-23 23:54:46 [source.baostock] ERROR: Baostock 查询错误 002304.SZ: 网络接收错误。
2026-03-23 23:54:55 [source.baostock] ERROR: Baostock 查询错误 601318.SH: 网络接收错误。
2026-03-23 23:54:58 [source.baostock] ERROR: Baostock 查询错误 002594.SZ: 网络接收错误。
2026-03-23 23:55:14 [source.baostock] ERROR: Baostock 查询错误 600519.SH: 网络接收错误。
2026-03-23 23:55:19 [source.baostock] ERROR: Baostock 查询错误 600519.SH: 网络接收错误。
2026-03-23 23:55:23 [source.baostock] ERROR: Baostock 查询错误 601318.SH: 网络接收错误。
2026-03-23 23:55:32 [source.baostock] ERROR: Baostock 查询错误 002594.SZ: 网络接收错误。
2026-03-23 23:55:35 [source.baostock] ERROR: Baostock 查询错误 300750.SZ: 网络接收错误。
2026-03-23 23:55:38 [source.baostock] ERROR: Baostock 查询错误 002594.SZ: 网络接收错误。
2026-03-23 23:55:49 [source.baostock] ERROR: Baostock 查询错误 300750.SZ: 网络接收错误。
2026-03-23 23:55:51 [source.baostock] ERROR: Baostock 查询错误 000568.SZ: 网络接收错误。
2026-03-23 23:55:54 [source.baostock] ERROR: Baostock 查询错误 300750.SZ: 网络接收错误。
2026-03-23 23:56:02 [source.baostock] ERROR: Baostock 查询错误 002304.SZ: 网络接收错误。
2026-03-23 23:56:13 [source.baostock] ERROR: Baostock 查询错误 000568.SZ: 网络接收错误。
2026-03-23 23:56:21 [source.baostock] ERROR: Baostock 查询错误 300750.SZ: 网络接收错误。
2026-03-23 23:56:24 [source.baostock] ERROR: Baostock 查询错误 600009.SH: 网络接收错误。
2026-03-23 23:56:43 [source.baostock] ERROR: Baostock 查询错误 601318.SH: 网络接收错误。
2026-03-23 23:56:56 [source.baostock] ERROR: Baostock 查询错误 000568.SZ: 网络接收错误。
2026-03-24 00:00:01 [source.baostock] INFO: Baostock 初始化成功
2026-03-24 00:00:01 [source.baostock] INFO: Baostock 初始化成功
2026-03-24 00:00:01 [source.baostock] INFO: Baostock 初始化成功
2026-03-24 00:00:01 [source.baostock] INFO: Baostock 初始化成功
2026-03-24 00:00:01 [source.baostock] INFO: Baostock 初始化成功
2026-03-24 00:00:01 [source.baostock] WARNING: Baostock 无数据: 600519.SH (20260324-20260324)
2026-03-24 00:00:01 [source.baostock] WARNING: Baostock 无数据: 002304.SZ (20260324-20260324)
2026-03-24 00:00:01 [source.baostock] WARNING: Baostock 无数据: 002594.SZ (20260324-20260324)
2026-03-24 00:00:01 [source.baostock] WARNING: Baostock 无数据: 601318.SH (20260324-20260324)
2026-03-24 00:00:01 [source.baostock] WARNING: Baostock 无数据: 601318.SH (20260324-20260324)
2026-03-24 00:00:02 [source.baostock] WARNING: Baostock 无数据: 000568.SZ (20260324-20260324)
2026-03-24 00:00:02 [source.baostock] WARNING: Baostock 无数据: 601318.SH (20260324-20260324)
2026-03-24 00:00:02 [source.baostock] WARNING: Baostock 无数据: 300750.SZ (20260324-20260324)
2026-03-24 00:00:04 [source.baostock] WARNING: Baostock 无数据: 600009.SH (20260324-20260324)
2026-03-24 00:00:04 [source.baostock] WARNING: Baostock 无数据: 300750.SZ (20260324-20260324)
2026-03-24 00:00:10 [source.baostock] WARNING: Baostock 无数据: 600009.SH (20260324-20260324)
2026-03-24 00:00:10 [source.baostock] WARNING: Baostock 无数据: 000001.SH (20260324-20260324)
2026-03-24 00:00:10 [source.baostock] WARNING: Baostock 无数据: 000001.SH (20260324-20260324)
2026-03-24 00:00:10 [source.baostock] WARNING: Baostock 无数据: 000001.SH (20260324-20260324)
2026-03-24 00:00:10 [source.baostock] WARNING: Baostock 无数据: 000001.SH (20260324-20260324)
2026-03-24 00:00:11 [source.baostock] WARNING: Baostock 无数据: 000001.SH (20260324-20260324)
2026-03-24 00:00:11 [source.baostock] WARNING: Baostock 无数据: 399001.SZ (20260324-20260324)
2026-03-24 00:00:12 [source.baostock] WARNING: Baostock 无数据: 399001.SZ (20260324-20260324)
2026-03-24 00:00:12 [source.baostock] WARNING: Baostock 无数据: 399001.SZ (20260324-20260324)
2026-03-24 00:00:12 [source.baostock] WARNING: Baostock 无数据: 399001.SZ (20260324-20260324)
2026-03-24 00:00:13 [source.baostock] WARNING: Baostock 无数据: 399001.SZ (20260324-20260324)
2026-03-24 00:00:13 [source.baostock] WARNING: Baostock 无数据: 399006.SZ (20260324-20260324)
2026-03-24 00:00:14 [source.baostock] WARNING: Baostock 无数据: 399006.SZ (20260324-20260324)
2026-03-24 00:00:14 [source.baostock] WARNING: Baostock 无数据: 399006.SZ (20260324-20260324)
2026-03-24 00:00:14 [source.baostock] WARNING: Baostock 无数据: 399006.SZ (20260324-20260324)
2026-03-24 00:00:14 [source.baostock] WARNING: Baostock 无数据: 399006.SZ (20260324-20260324)
2026-03-24 00:00:15 [source.baostock] WARNING: Baostock 无数据: 000300.SH (20260324-20260324)
2026-03-24 00:00:15 [source.baostock] WARNING: Baostock 无数据: 000300.SH (20260324-20260324)
2026-03-24 00:00:16 [source.baostock] WARNING: Baostock 无数据: 000300.SH (20260324-20260324)
2026-03-24 00:00:16 [source.baostock] WARNING: Baostock 无数据: 000300.SH (20260324-20260324)
2026-03-24 00:00:16 [source.baostock] WARNING: Baostock 无数据: 000300.SH (20260324-20260324)
2026-03-24 00:00:16 [source.baostock] WARNING: Baostock 无数据: 000300.SH (20260324-20260324)
2026-03-24 00:00:17 [source.baostock] WARNING: Baostock 无数据: 000688.SH (20260324-20260324)
2026-03-24 00:00:17 [source.baostock] WARNING: Baostock 无数据: 000688.SH (20260324-20260324)
2026-03-24 00:02:37 [source.baostock] ERROR: Baostock 查询错误 399006.SZ: 网络接收错误。
2026-03-24 00:02:45 [source.baostock] ERROR: Baostock 查询错误 000688.SH: 网络接收错误。
2026-03-24 00:07:14 [source.baostock] INFO: Baostock 初始化成功
2026-03-24 00:07:15 [source.baostock] INFO: Baostock 获取成功: 600519.SH, 5 条
2026-03-24 00:07:15 [source.baostock] INFO: Baostock 获取成功: 601318.SH, 5 条
2026-03-24 00:07:21 [source.baostock] ERROR: Baostock 查询错误 002594.SZ: 网络接收错误。
2026-03-24 00:07:22 [source.baostock] ERROR: Baostock 查询错误 600519.SH: 网络接收错误。
2026-03-24 00:07:26 [source.baostock] ERROR: Baostock 查询错误 601318.SH: 网络接收错误。
2026-03-24 00:07:35 [source.baostock] ERROR: Baostock 查询错误 300750.SZ: 网络接收错误。
2026-03-24 00:07:37 [source.baostock] ERROR: Baostock 查询错误 002594.SZ: 网络接收错误。
2026-03-24 00:08:45 [source.baostock] INFO: Baostock 初始化成功
2026-03-24 00:08:49 [source.baostock] ERROR: Baostock 查询错误 600519.SH: 网络接收错误。
2026-03-24 00:08:53 [source.baostock] ERROR: Baostock 查询错误 600519.SH: 网络接收错误。
2026-03-24 20:53:07 [source.baostock] INFO: Baostock 初始化成功
2026-03-24 20:53:14 [source.baostock] INFO: Baostock 获取成功: 601318.SH, 4634 条
2026-03-24 20:57:06 [source.baostock] INFO: Baostock 初始化成功
2026-03-24 20:57:07 [source.baostock] INFO: Baostock 获取成功: 000001.SH, 37 条
2026-03-24 20:57:07 [source.baostock] INFO: Baostock 获取成功: 399006.SZ, 37 条
2026-03-24 20:57:08 [source.baostock] INFO: Baostock 获取成功: 000001.SZ, 37 条
2026-03-24 20:57:09 [source.baostock] INFO: Baostock 已登出
2026-03-25 20:34:50 [source.baostock] INFO: Baostock 初始化成功
2026-03-25 20:34:53 [source.baostock] INFO: Baostock 获取成功: 000001.SZ, 242 条
2026-03-25 20:36:55 [source.baostock] INFO: Baostock 初始化成功
2026-03-25 20:36:58 [source.baostock] INFO: Baostock 获取成功: 300750.SZ, 1889 条
2026-03-25 20:40:52 [source.baostock] INFO: Baostock 初始化成功
2026-03-25 20:41:33 [source.baostock] INFO: Baostock 获取成功: 002304.SZ, 3978 条
2026-03-25 20:44:57 [source.baostock] INFO: Baostock 初始化成功
2026-03-25 20:45:17 [source.baostock] INFO: Baostock 获取成功: 002594.SZ, 3578 条
2026-03-25 20:48:56 [source.baostock] INFO: Baostock 初始化成功
2026-03-25 20:49:21 [source.baostock] INFO: Baostock 获取成功: 002594.SZ, 3578 条
2026-03-25 21:37:49 [source.baostock] INFO: Baostock 初始化成功
2026-03-25 21:37:59 [source.baostock] INFO: Baostock 获取成功: 601318.SH, 4635 条
2026-03-25 21:38:21 [source.baostock] INFO: Baostock 获取成功: 002594.SZ, 3578 条
2026-03-25 21:40:03 [source.baostock] INFO: Baostock 获取成功: 002594.SZ, 3578 条
2026-03-25 21:40:13 [source.baostock] INFO: Baostock 获取成功: 300750.SZ, 1889 条
2026-03-25 21:40:26 [source.baostock] INFO: Baostock 获取成功: 002304.SZ, 3978 条
2026-03-25 21:41:51 [source.baostock] INFO: Baostock 获取成功: 002594.SZ, 3578 条
2026-03-25 21:41:58 [source.baostock] INFO: Baostock 获取成功: 300750.SZ, 1889 条
2026-03-25 21:46:12 [source.baostock] INFO: Baostock 初始化成功
2026-03-25 21:46:23 [source.baostock] INFO: Baostock 获取成功: 601318.SH, 4635 条
2026-03-25 21:54:13 [source.baostock] ERROR: Baostock 查询错误 002594.SZ: 网络接收错误。
2026-03-25 21:54:15 [source.baostock] ERROR: Baostock 查询错误 300750.SZ: 网络接收错误。
2026-03-25 21:54:17 [source.baostock] ERROR: Baostock 查询错误 002304.SZ: 网络接收错误。
2026-03-25 21:55:59 [source.baostock] ERROR: Baostock 查询错误 002304.SZ: 网络接收错误。
2026-03-25 21:59:19 [source.baostock] INFO: Baostock 初始化成功
2026-03-25 21:59:22 [source.baostock] INFO: Baostock 获取成功: 601318.SH, 4635 条
2026-03-25 22:02:30 [source.baostock] INFO: Baostock 获取成功: 601318.SH, 4635 条
2026-03-25 22:07:05 [source.baostock] INFO: Baostock 获取成功: 601318.SH, 4635 条
2026-03-25 22:07:17 [source.baostock] INFO: Baostock 获取成功: 002594.SZ, 3578 条
2026-03-25 22:07:21 [source.baostock] INFO: Baostock 获取成功: 300750.SZ, 1889 条
2026-03-25 22:24:14 [source.baostock] INFO: Baostock 初始化成功
2026-03-25 22:24:26 [source.baostock] INFO: Baostock 获取成功: 601318.SH, 4635 条
2026-03-25 22:48:23 [source.baostock] INFO: Baostock 初始化成功
2026-03-25 22:48:41 [source.baostock] INFO: Baostock 获取成功: 002594.SZ, 3578 条
2026-03-25 22:57:35 [source.baostock] ERROR: Baostock 查询错误 601318.SH: 网络接收错误。
2026-03-25 22:59:00 [source.baostock] ERROR: Baostock 查询错误 300750.SZ: 网络接收错误。
2026-03-25 22:59:02 [source.baostock] ERROR: Baostock 查询错误 002304.SZ: 网络接收错误。
2026-03-25 23:08:25 [source.baostock] ERROR: Baostock 查询错误 601318.SH: 网络接收错误。
2026-03-25 23:09:51 [source.baostock] ERROR: Baostock 查询错误 002304.SZ: 网络接收错误。
2026-03-25 23:11:00 [source.baostock] ERROR: Baostock 查询错误 601318.SH: 网络接收错误。
2026-03-25 23:11:00 [source.baostock] ERROR: Baostock 查询错误 002594.SZ: 网络接收错误。
2026-03-25 23:11:01 [source.baostock] ERROR: Baostock 查询错误 300750.SZ: 网络接收错误。
2026-03-25 23:11:02 [source.baostock] ERROR: Baostock 查询错误 002304.SZ: 网络接收错误。
2026-03-25 23:12:15 [source.baostock] ERROR: Baostock 查询错误 601318.SH: 网络接收错误。
2026-03-25 23:12:16 [source.baostock] ERROR: Baostock 查询错误 002594.SZ: 网络接收错误。
2026-03-25 23:12:16 [source.baostock] ERROR: Baostock 查询错误 300750.SZ: 网络接收错误。
2026-03-25 23:12:18 [source.baostock] ERROR: Baostock 查询错误 002304.SZ: 网络接收错误。
2026-03-25 23:13:24 [source.baostock] ERROR: Baostock 查询错误 601318.SH: 网络接收错误。
2026-03-25 23:13:25 [source.baostock] ERROR: Baostock 查询错误 002594.SZ: 网络接收错误。
2026-03-26 19:04:53 [source.baostock] INFO: Baostock 初始化成功
2026-03-26 19:27:43 [source.baostock] ERROR: Baostock 登录失败: 网络接收错误。
2026-03-26 19:27:47 [source.baostock] INFO: Baostock 初始化成功
2026-03-28 10:30:31 [source.baostock] INFO: Baostock 初始化成功
2026-03-28 10:30:31 [source.baostock] WARNING: Baostock 无数据: 002304.SZ (20260328-20260328)
2026-03-28 10:30:33 [source.baostock] WARNING: Baostock 无数据: 000568.SZ (20260328-20260328)
2026-03-28 10:30:35 [source.baostock] WARNING: Baostock 无数据: 600009.SH (20260328-20260328)
2026-03-28 10:30:38 [source.baostock] WARNING: Baostock 无数据: 002572.SZ (20260328-20260328)
2026-03-28 10:30:41 [source.baostock] WARNING: Baostock 无数据: 000001.SH (20260328-20260328)
2026-03-28 10:30:43 [source.baostock] WARNING: Baostock 无数据: 399001.SZ (20260328-20260328)
2026-03-28 10:30:45 [source.baostock] WARNING: Baostock 无数据: 399006.SZ (20260328-20260328)
2026-03-28 10:30:47 [source.baostock] WARNING: Baostock 无数据: 000300.SH (20260328-20260328)
2026-03-28 10:30:48 [source.baostock] WARNING: Baostock 无数据: 000688.SH (20260328-20260328)
2026-03-28 10:30:56 [source.baostock] WARNING: Baostock 无数据: 600519.SH (20260328-20260328)
2026-03-28 10:30:58 [source.baostock] WARNING: Baostock 无数据: 601318.SH (20260328-20260328)
2026-03-28 10:30:59 [source.baostock] WARNING: Baostock 无数据: 002594.SZ (20260328-20260328)
2026-03-28 10:31:01 [source.baostock] WARNING: Baostock 无数据: 300750.SZ (20260328-20260328)
2026-03-28 10:40:52 [source.baostock] INFO: Baostock 初始化成功
2026-03-28 10:40:52 [source.baostock] WARNING: Baostock 无数据: 002572.SZ (20260328-20260328)
2026-03-28 11:23:54 [source.baostock] INFO: Baostock 初始化成功
2026-03-28 11:23:54 [source.baostock] WARNING: Baostock 无数据: 600519.SH (20260328-20260328)
2026-03-28 11:23:55 [source.baostock] WARNING: Baostock 无数据: 601318.SH (20260328-20260328)
2026-03-28 11:23:57 [source.baostock] WARNING: Baostock 无数据: 300750.SZ (20260328-20260328)
2026-03-28 11:24:01 [source.baostock] WARNING: Baostock 无数据: 600009.SH (20260328-20260328)
2026-03-28 11:24:03 [source.baostock] WARNING: Baostock 无数据: 000001.SH (20260328-20260328)
2026-03-28 11:24:03 [source.baostock] WARNING: Baostock 无数据: 399001.SZ (20260328-20260328)
2026-03-28 11:24:12 [source.baostock] WARNING: Baostock 无数据: 002594.SZ (20260328-20260328)
2026-03-28 11:24:16 [source.baostock] WARNING: Baostock 无数据: 002304.SZ (20260328-20260328)
2026-03-28 11:24:17 [source.baostock] WARNING: Baostock 无数据: 000568.SZ (20260328-20260328)
2026-03-28 11:24:19 [source.baostock] WARNING: Baostock 无数据: 002572.SZ (20260328-20260328)
2026-03-28 11:24:21 [source.baostock] WARNING: Baostock 无数据: 399006.SZ (20260328-20260328)
2026-03-28 11:24:22 [source.baostock] WARNING: Baostock 无数据: 000300.SH (20260328-20260328)
2026-03-28 11:24:23 [source.baostock] WARNING: Baostock 无数据: 000688.SH (20260328-20260328)
2026-03-28 11:44:33 [source.baostock] INFO: Baostock 初始化成功
2026-03-28 11:44:33 [source.baostock] WARNING: Baostock 无数据: 600519.SH (20260328-20260328)
2026-03-28 11:44:37 [source.baostock] WARNING: Baostock 无数据: 601318.SH (20260328-20260328)
2026-03-28 11:44:38 [source.baostock] WARNING: Baostock 无数据: 000568.SZ (20260328-20260328)
2026-03-28 11:49:07 [source.baostock] INFO: Baostock 初始化成功
2026-03-28 11:49:07 [source.baostock] WARNING: Baostock 无数据: 002594.SZ (20260328-20260328)
2026-03-28 11:49:08 [source.baostock] WARNING: Baostock 无数据: 300750.SZ (20260328-20260328)
2026-03-28 11:49:11 [source.baostock] WARNING: Baostock 无数据: 002304.SZ (20260328-20260328)
2026-03-28 11:49:14 [source.baostock] WARNING: Baostock 无数据: 600009.SH (20260328-20260328)
2026-03-28 11:49:16 [source.baostock] WARNING: Baostock 无数据: 002572.SZ (20260328-20260328)
2026-03-28 11:49:16 [source.baostock] WARNING: Baostock 无数据: 002572.SZ (20260328-20260328)
2026-03-28 11:49:17 [source.baostock] WARNING: Baostock 无数据: 000001.SH (20260328-20260328)
2026-03-28 11:49:17 [source.baostock] WARNING: Baostock 无数据: 000001.SH (20260328-20260328)
2026-03-28 11:49:18 [source.baostock] WARNING: Baostock 无数据: 399001.SZ (20260328-20260328)
2026-03-28 11:49:19 [source.baostock] WARNING: Baostock 无数据: 399006.SZ (20260328-20260328)
2026-03-28 11:49:19 [source.baostock] WARNING: Baostock 无数据: 000300.SH (20260328-20260328)
2026-03-28 11:49:20 [source.baostock] WARNING: Baostock 无数据: 000688.SH (20260328-20260328)
2026-03-28 11:50:39 [source.baostock] INFO: Baostock 初始化成功
2026-03-28 11:50:39 [source.baostock] WARNING: Baostock 无数据: 600519.SH (20260328-20260328)
2026-03-28 11:50:44 [source.baostock] WARNING: Baostock 无数据: 601318.SH (20260328-20260328)
2026-03-28 11:50:45 [source.baostock] WARNING: Baostock 无数据: 002594.SZ (20260328-20260328)
2026-03-28 11:50:47 [source.baostock] WARNING: Baostock 无数据: 002304.SZ (20260328-20260328)
2026-03-28 11:50:47 [source.baostock] WARNING: Baostock 无数据: 300750.SZ (20260328-20260328)
2026-03-28 11:50:51 [source.baostock] WARNING: Baostock 无数据: 000568.SZ (20260328-20260328)
2026-03-28 11:50:52 [source.baostock] WARNING: Baostock 无数据: 600009.SH (20260328-20260328)
2026-03-28 11:50:56 [source.baostock] WARNING: Baostock 无数据: 000001.SH (20260328-20260328)
2026-03-28 11:50:59 [source.baostock] WARNING: Baostock 无数据: 399001.SZ (20260328-20260328)
2026-03-28 11:51:00 [source.baostock] WARNING: Baostock 无数据: 399006.SZ (20260328-20260328)
2026-03-28 11:51:02 [source.baostock] WARNING: Baostock 无数据: 000300.SH (20260328-20260328)
2026-03-28 11:51:03 [source.baostock] WARNING: Baostock 无数据: 000688.SH (20260328-20260328)
2026-03-28 11:51:17 [source.baostock] WARNING: Baostock 无数据: 002572.SZ (20260328-20260328)
2026-03-28 11:57:05 [source.baostock] INFO: Baostock 初始化成功
2026-03-28 11:57:05 [source.baostock] WARNING: Baostock 无数据: 600519.SH (20260328-20260328)
2026-03-28 11:57:05 [source.baostock] WARNING: Baostock 无数据: 601318.SH (20260328-20260328)
2026-03-28 11:57:09 [source.baostock] WARNING: Baostock 无数据: 300750.SZ (20260328-20260328)
2026-03-28 11:57:11 [source.baostock] WARNING: Baostock 无数据: 000568.SZ (20260328-20260328)
2026-03-28 11:57:15 [source.baostock] WARNING: Baostock 无数据: 002572.SZ (20260328-20260328)
2026-03-28 11:57:15 [source.baostock] WARNING: Baostock 无数据: 000001.SH (20260328-20260328)
2026-03-28 11:57:15 [source.baostock] WARNING: Baostock 无数据: 399001.SZ (20260328-20260328)
2026-03-28 11:57:16 [source.baostock] WARNING: Baostock 无数据: 399006.SZ (20260328-20260328)
2026-03-28 11:57:18 [source.baostock] WARNING: Baostock 无数据: 000300.SH (20260328-20260328)
2026-03-28 11:57:20 [source.baostock] WARNING: Baostock 无数据: 000688.SH (20260328-20260328)
2026-03-28 11:57:27 [source.baostock] WARNING: Baostock 无数据: 002594.SZ (20260328-20260328)
2026-03-28 11:57:31 [source.baostock] WARNING: Baostock 无数据: 002304.SZ (20260328-20260328)
2026-03-28 11:57:33 [source.baostock] WARNING: Baostock 无数据: 600009.SH (20260328-20260328)
2026-03-28 11:57:48 [source.baostock] WARNING: Baostock 无数据: 000568.SZ (20260328-20260328)
2026-03-28 11:58:04 [source.baostock] WARNING: Baostock 无数据: 002304.SZ (20260328-20260328)
2026-03-28 13:26:42 [source.baostock] INFO: Baostock 初始化成功
2026-03-28 13:26:42 [source.baostock] WARNING: Baostock 无数据: 600009.SH (20260328-20260328)
2026-03-28 13:26:43 [source.baostock] WARNING: Baostock 无数据: 002572.SZ (20260328-20260328)
2026-03-28 13:26:43 [source.baostock] WARNING: Baostock 无数据: 000001.SH (20260328-20260328)
2026-03-28 13:26:43 [source.baostock] WARNING: Baostock 无数据: 399001.SZ (20260328-20260328)
2026-03-28 13:26:43 [source.baostock] WARNING: Baostock 无数据: 399006.SZ (20260328-20260328)
2026-03-28 13:26:49 [source.baostock] WARNING: Baostock 无数据: 000568.SZ (20260328-20260328)
2026-03-28 13:26:49 [source.baostock] WARNING: Baostock 无数据: 000568.SZ (20260328-20260328)
2026-03-28 13:26:51 [source.baostock] WARNING: Baostock 无数据: 000568.SZ (20260328-20260328)
2026-03-28 13:30:20 [source.baostock] INFO: Baostock 初始化成功
2026-03-28 13:30:20 [source.baostock] WARNING: Baostock 无数据: 600519.SH (20260328-20260328)
2026-03-28 13:30:21 [source.baostock] WARNING: Baostock 无数据: 601318.SH (20260328-20260328)
2026-03-28 13:30:29 [source.baostock] WARNING: Baostock 无数据: 000568.SZ (20260328-20260328)
2026-03-28 13:30:33 [source.baostock] WARNING: Baostock 无数据: 002572.SZ (20260328-20260328)
2026-03-28 13:30:34 [source.baostock] WARNING: Baostock 无数据: 000001.SH (20260328-20260328)
2026-03-28 13:30:34 [source.baostock] WARNING: Baostock 无数据: 399001.SZ (20260328-20260328)
2026-03-28 13:30:34 [source.baostock] WARNING: Baostock 无数据: 399006.SZ (20260328-20260328)
2026-03-28 13:30:35 [source.baostock] WARNING: Baostock 无数据: 000300.SH (20260328-20260328)
2026-03-28 13:30:35 [source.baostock] WARNING: Baostock 无数据: 000688.SH (20260328-20260328)
2026-03-28 13:30:41 [source.baostock] WARNING: Baostock 无数据: 002594.SZ (20260328-20260328)
2026-03-28 13:30:42 [source.baostock] WARNING: Baostock 无数据: 300750.SZ (20260328-20260328)
2026-03-28 13:30:45 [source.baostock] WARNING: Baostock 无数据: 002304.SZ (20260328-20260328)
2026-03-28 13:30:48 [source.baostock] WARNING: Baostock 无数据: 600009.SH (20260328-20260328)
2026-03-28 13:31:18 [source.baostock] WARNING: Baostock 无数据: 000568.SZ (20260328-20260328)
2026-03-28 15:33:52 [source.baostock] INFO: Baostock 初始化成功
2026-03-28 15:33:52 [source.baostock] WARNING: Baostock 无数据: 002594.SZ (20260328-20260328)
2026-03-28 15:33:56 [source.baostock] WARNING: Baostock 无数据: 000568.SZ (20260328-20260328)
2026-03-28 15:33:59 [source.baostock] WARNING: Baostock 无数据: 002572.SZ (20260328-20260328)
2026-03-28 15:33:59 [source.baostock] WARNING: Baostock 无数据: 000001.SH (20260328-20260328)
2026-03-28 15:34:08 [source.baostock] WARNING: Baostock 无数据: 600519.SH (20260328-20260328)
2026-03-28 15:34:09 [source.baostock] WARNING: Baostock 无数据: 601318.SH (20260328-20260328)
2026-03-28 15:34:12 [source.baostock] WARNING: Baostock 无数据: 300750.SZ (20260328-20260328)
2026-03-28 15:34:14 [source.baostock] WARNING: Baostock 无数据: 002304.SZ (20260328-20260328)
2026-03-28 15:34:16 [source.baostock] WARNING: Baostock 无数据: 600009.SH (20260328-20260328)
2026-03-28 15:34:19 [source.baostock] WARNING: Baostock 无数据: 399001.SZ (20260328-20260328)
2026-03-28 15:34:20 [source.baostock] WARNING: Baostock 无数据: 399006.SZ (20260328-20260328)
2026-03-28 15:34:21 [source.baostock] WARNING: Baostock 无数据: 000300.SH (20260328-20260328)
2026-03-28 15:34:22 [source.baostock] WARNING: Baostock 无数据: 000688.SH (20260328-20260328)
2026-03-28 16:04:37 [source.baostock] ERROR: Baostock 查询错误 601318.SH: 网络接收错误。
2026-03-28 16:04:38 [source.baostock] ERROR: Baostock 查询错误 002594.SZ: 网络接收错误。
2026-03-28 16:04:38 [source.baostock] ERROR: Baostock 查询错误 300750.SZ: 网络接收错误。
2026-03-28 16:14:43 [source.baostock] INFO: Baostock 初始化成功
2026-03-28 16:14:43 [source.baostock] WARNING: Baostock 无数据: 002572.SZ (20260328-20260328)
2026-03-28 16:20:17 [source.baostock] INFO: Baostock 初始化成功
2026-03-28 16:20:17 [source.baostock] INFO: Baostock 初始化成功
2026-03-28 16:20:20 [source.baostock] ERROR: Baostock 查询错误 600519.SH: 网络接收错误。
2026-03-28 16:20:24 [source.baostock] ERROR: Baostock 查询错误 601318.SH: 网络接收错误。
2026-03-28 16:20:28 [source.baostock] ERROR: Baostock 查询错误 002594.SZ: 网络接收错误。
2026-03-28 16:20:30 [source.baostock] ERROR: Baostock 查询错误 300750.SZ: 网络接收错误。
2026-03-28 16:20:34 [source.baostock] ERROR: Baostock 查询错误 002304.SZ: 网络接收错误。
2026-03-28 16:20:40 [source.baostock] ERROR: Baostock 查询错误 000568.SZ: 网络接收错误。
2026-03-28 16:20:42 [source.baostock] ERROR: Baostock 查询错误 600009.SH: 网络接收错误。
2026-03-28 16:21:33 [source.baostock] INFO: Baostock 获取成功: 600519.SH, 5 条
2026-03-28 16:21:35 [source.baostock] WARNING: Baostock 无数据: 002572.SZ (20260328-20260328)
2026-03-28 16:21:36 [source.baostock] WARNING: Baostock 无数据: 002572.SZ (20260328-20260328)
2026-03-28 16:21:37 [source.baostock] WARNING: Baostock 无数据: 000001.SH (20260328-20260328)
2026-03-28 16:21:38 [source.baostock] WARNING: Baostock 无数据: 000001.SH (20260328-20260328)
2026-03-28 16:21:39 [source.baostock] WARNING: Baostock 无数据: 399001.SZ (20260328-20260328)
2026-03-28 16:21:41 [source.baostock] WARNING: Baostock 无数据: 399001.SZ (20260328-20260328)
2026-03-28 16:21:42 [source.baostock] WARNING: Baostock 无数据: 399006.SZ (20260328-20260328)
2026-03-28 16:21:43 [source.baostock] WARNING: Baostock 无数据: 399006.SZ (20260328-20260328)
2026-03-28 16:21:45 [source.baostock] WARNING: Baostock 无数据: 000300.SH (20260328-20260328)
2026-03-28 16:21:46 [source.baostock] WARNING: Baostock 无数据: 000300.SH (20260328-20260328)
2026-03-28 16:21:48 [source.baostock] WARNING: Baostock 无数据: 000688.SH (20260328-20260328)
2026-03-28 16:22:29 [source.baostock] WARNING: Baostock 无数据: 000688.SH (20260328-20260328)
2026-03-28 16:22:43 [source.baostock] WARNING: Baostock 无数据: 002572.SZ (20260328-20260328)
2026-03-28 16:23:22 [source.baostock] ERROR: Baostock 查询错误 002594.SZ: 网络接收错误。
2026-03-28 16:28:14 [source.baostock] INFO: Baostock 初始化成功
2026-03-28 16:28:16 [source.baostock] ERROR: Baostock 查询错误 601318.SH: 网络接收错误。
2026-03-28 16:28:17 [source.baostock] ERROR: Baostock 查询错误 002572.SZ: 网络接收错误。
2026-03-28 16:28:21 [source.baostock] ERROR: Baostock 查询错误 002572.SZ: 网络接收错误。
2026-03-28 17:57:52 [source.baostock] INFO: Baostock 初始化成功
2026-03-28 17:57:52 [source.baostock] WARNING: Baostock 无数据: 600519.SH (20260328-20260328)
2026-03-28 17:57:53 [source.baostock] WARNING: Baostock 无数据: 601318.SH (20260328-20260328)
2026-03-28 17:57:55 [source.baostock] WARNING: Baostock 无数据: 300750.SZ (20260328-20260328)
2026-03-28 17:59:48 [source.baostock] INFO: Baostock 初始化成功
2026-03-28 17:59:49 [source.baostock] WARNING: Baostock 无数据: 002594.SZ (20260328-20260328)
2026-03-28 17:59:52 [source.baostock] WARNING: Baostock 无数据: 002304.SZ (20260328-20260328)
