2026-04-04 07:30:39 [source.baostock] INFO: Baostock 初始化成功
2026-04-04 07:30:39 [source.baostock] INFO: Baostock 获取成功: 002920.SZ, 2005 条
2026-04-04 07:30:42 [source.baostock] INFO: Baostock 获取成功: 688027.SH, 1391 条
2026-04-04 07:30:44 [source.baostock] INFO: Baostock 获取成功: 002463.SZ, 3793 条
2026-04-04 07:30:46 [source.baostock] INFO: Baostock 获取成功: 002837.SZ, 2247 条
2026-04-04 07:30:48 [source.baostock] INFO: Baostock 获取成功: 600900.SH, 5435 条
2026-04-04 07:30:49 [source.baostock] INFO: Baostock 获取成功: 002906.SZ, 2057 条
2026-04-04 07:30:54 [source.baostock] INFO: Baostock 获取成功: 601689.SH, 2685 条
2026-04-04 07:30:56 [source.baostock] INFO: Baostock 获取成功: 688981.SH, 1386 条
2026-04-04 07:30:58 [source.baostock] INFO: Baostock 获取成功: 002371.SZ, 3899 条
2026-04-04 10:51:08 [source.baostock] INFO: Baostock 初始化成功
2026-04-04 10:51:08 [source.baostock] INFO: Baostock 初始化成功
2026-04-04 10:51:08 [source.baostock] INFO: Baostock 初始化成功
2026-04-04 10:51:08 [source.baostock] INFO: Baostock 获取成功: 159632.SZ, 59 条
2026-04-04 10:51:08 [source.baostock] INFO: Baostock 获取成功: 159632.SZ, 59 条
2026-04-04 10:51:08 [source.baostock] INFO: Baostock 初始化成功
2026-04-04 10:51:08 [source.baostock] INFO: Baostock 获取成功: 159632.SZ, 59 条
2026-04-04 10:51:08 [source.baostock] INFO: Baostock 获取成功: 159632.SZ, 59 条
2026-04-04 10:51:09 [source.baostock] WARNING: Baostock 无数据: 159632.SZ (20030101-20260404)
2026-04-04 10:51:10 [source.baostock] WARNING: Baostock 无数据: 159632.SZ (20030101-20260404)
2026-04-04 10:51:16 [source.baostock] WARNING: Baostock 无数据: 159632.SZ (20260404-20260404)
2026-04-04 10:51:16 [source.baostock] INFO: Baostock 获取成功: 159632.SZ, 118 条
2026-04-04 10:51:18 [source.baostock] WARNING: Baostock 无数据: 159632.SZ (20210405-20260404)
2026-04-04 10:51:25 [source.baostock] WARNING: Baostock 无数据: 159632.SZ (20240404-20260404)
2026-04-04 10:51:35 [source.baostock] WARNING: Baostock 无数据: 159632.SZ (20210405-20260404)
2026-04-04 10:51:45 [source.baostock] WARNING: Baostock 无数据: 159632.SZ (20240404-20260404)
2026-04-04 10:51:45 [source.baostock] WARNING: Baostock 无数据: 159632.SZ (20030101-20260404)
2026-04-04 10:51:45 [source.baostock] WARNING: Baostock 无数据: 159632.SZ (20030101-20260404)
2026-04-04 10:51:48 [source.baostock] WARNING: Baostock 无数据: 159632.SZ (20210405-20260404)
2026-04-04 10:51:51 [source.baostock] WARNING: Baostock 无数据: 159632.SZ (20240404-20260404)
2026-04-04 10:52:11 [source.baostock] WARNING: Baostock 无数据: 159632.SZ (20160406-20260404)
2026-04-04 10:52:49 [source.baostock] WARNING: Baostock 无数据: 159632.SZ (20030101-20260404)
2026-04-04 10:53:05 [source.baostock] WARNING: Baostock 无数据: 159632.SZ (20030101-20260404)
2026-04-04 10:53:06 [source.baostock] WARNING: Baostock 无数据: 159632.SZ (20030101-20260404)
2026-04-04 10:53:09 [source.baostock] INFO: Baostock 获取成功: 159632.SZ, 59 条
2026-04-04 10:53:39 [source.baostock] INFO: Baostock 获取成功: 159632.SZ, 708 条
2026-04-04 10:53:42 [source.baostock] INFO: Baostock 获取成功: 159632.SZ, 59 条
2026-04-04 10:53:48 [source.baostock] INFO: Baostock 获取成功: 159632.SZ, 59 条
2026-04-04 10:53:48 [source.baostock] ERROR: Baostock 查询错误 159632.SZ: 网络接收错误。
2026-04-04 10:53:49 [source.baostock] WARNING: Baostock 无数据: 159632.SZ (20030101-20260404)
2026-04-04 10:53:59 [source.baostock] WARNING: Baostock 无数据: 159632.SZ (20030101-20260404)
2026-04-04 10:54:05 [source.baostock] INFO: Baostock 获取成功: 159632.SZ, 59 条
2026-04-04 10:54:07 [source.baostock] WARNING: Baostock 无数据: 159941.SZ (20240404-20260404)
2026-04-04 10:54:08 [source.baostock] WARNING: Baostock 无数据: 159941.SZ (20030101-20260404)
2026-04-04 10:54:29 [source.baostock] ERROR: Baostock 查询错误 159632.SZ: 网络接收错误。
2026-04-04 10:54:34 [source.baostock] INFO: Baostock 获取成功: 159632.SZ, 177 条
2026-04-04 10:55:22 [source.baostock] INFO: Baostock 初始化成功
2026-04-04 10:55:23 [source.baostock] INFO: Baostock 初始化成功
2026-04-04 10:55:23 [source.baostock] INFO: Baostock 初始化成功
2026-04-04 10:55:23 [source.baostock] INFO: Baostock 获取成功: 159632.SZ, 59 条
2026-04-04 10:55:23 [source.baostock] INFO: Baostock 获取成功: 159632.SZ, 59 条
2026-04-04 10:55:23 [source.baostock] INFO: Baostock 初始化成功
2026-04-04 10:55:23 [source.baostock] WARNING: Baostock 无数据: 159632.SZ (20030101-20260404)
2026-04-04 10:55:24 [source.baostock] INFO: Baostock 初始化成功
2026-04-04 10:55:26 [source.baostock] WARNING: Baostock 无数据: 159632.SZ (20030101-20260404)
2026-04-04 10:55:27 [source.baostock] WARNING: Baostock 无数据: 159632.SZ (20210405-20260404)
2026-04-04 10:55:43 [source.baostock] INFO: Baostock 获取成功: 159632.SZ, 236 条
2026-04-04 10:55:43 [source.baostock] WARNING: Baostock 无数据: 159632.SZ (20030101-20260404)
2026-04-04 10:55:44 [source.baostock] WARNING: Baostock 无数据: 159632.SZ (20030101-20260404)
2026-04-04 10:55:45 [source.baostock] INFO: Baostock 获取成功: 000858.SZ, 118 条
2026-04-04 10:55:46 [source.baostock] WARNING: Baostock 无数据: 000858.SZ (20260404-20260404)
2026-04-04 10:55:49 [source.baostock] WARNING: Baostock 无数据: 000858.SZ (20260404-20260404)
2026-04-04 10:55:51 [source.baostock] WARNING: Baostock 无数据: 159632.SZ (20030101-20260404)
2026-04-04 10:55:52 [source.baostock] WARNING: Baostock 无数据: 159941.SZ (20030101-20260404)
2026-04-04 10:57:30 [source.baostock] WARNING: Baostock 无数据: 159632.SZ (20030101-20260404)
2026-04-04 10:57:30 [source.baostock] WARNING: Baostock 无数据: 159941.SZ (20030101-20260404)
2026-04-04 10:58:33 [source.baostock] ERROR: Baostock 查询错误 159941.SZ: 网络接收错误。
2026-04-04 10:58:33 [source.baostock] WARNING: Baostock 无数据: 159941.SZ (20030101-20260404)
2026-04-04 10:58:33 [source.baostock] WARNING: Baostock 无数据: 159941.SZ (20030101-20260404)
2026-04-04 10:58:34 [source.baostock] INFO: Baostock 获取成功: 159941.SZ, 59 条
2026-04-04 10:59:12 [source.baostock] INFO: Baostock 获取成功: 159941.SZ, 59 条
2026-04-04 11:09:50 [source.baostock] INFO: Baostock 初始化成功
2026-04-04 11:09:50 [source.baostock] ERROR: Baostock 登录失败: 网络接收错误。
2026-04-04 11:09:51 [source.baostock] INFO: Baostock 初始化成功
2026-04-04 11:09:51 [source.baostock] WARNING: Baostock 无数据: 159632.SZ (20030101-20260404)
2026-04-04 11:10:13 [source.baostock] WARNING: Baostock 无数据: 159632.SZ (20030101-20260404)
2026-04-04 11:10:14 [source.baostock] WARNING: Baostock 无数据: 159941.SZ (20030101-20260404)
2026-04-04 11:10:27 [source.baostock] INFO: Baostock 获取成功: 159632.SZ, 236 条
2026-04-04 11:10:29 [source.baostock] INFO: Baostock 获取成功: 159941.SZ, 59 条
2026-04-04 11:10:30 [source.baostock] ERROR: Baostock 查询错误 159941.SZ: 网络接收错误。
2026-04-04 11:11:08 [source.baostock] WARNING: Baostock 无数据: 159941.SZ (20030101-20260404)
2026-04-04 11:11:10 [source.baostock] ERROR: Baostock 查询错误 159941.SZ: 网络接收错误。
2026-04-04 11:11:11 [source.baostock] INFO: Baostock 获取成功: 159941.SZ, 118 条
2026-04-04 11:11:11 [source.baostock] INFO: Baostock 获取成功: 159941.SZ, 59 条
2026-04-04 11:11:12 [source.baostock] WARNING: Baostock 无数据: 159632.SZ (20030101-20260404)
2026-04-04 11:11:12 [source.baostock] WARNING: Baostock 无数据: 159632.SZ (20030101-20260404)
2026-04-04 11:11:35 [source.baostock] WARNING: Baostock 无数据: 159632.SZ (20210405-20260404)
2026-04-04 11:11:55 [source.baostock] WARNING: Baostock 无数据: 159632.SZ (20160406-20260404)
2026-04-04 11:12:17 [source.baostock] INFO: Baostock 获取成功: 159941.SZ, 118 条
2026-04-04 11:12:17 [source.baostock] INFO: Baostock 获取成功: 159941.SZ, 236 条
2026-04-04 11:14:14 [source.baostock] INFO: Baostock 初始化成功
2026-04-04 11:14:14 [source.baostock] WARNING: Baostock 无数据: 159632.SZ (20260405-20261231)
2026-04-04 11:18:06 [source.baostock] INFO: Baostock 初始化成功
2026-04-04 11:18:06 [source.baostock] INFO: Baostock 获取成功: 159632.SZ, 59 条
2026-04-04 11:19:18 [source.baostock] INFO: Baostock 初始化成功
2026-04-04 11:19:20 [source.baostock] INFO: Baostock 获取成功: 159632.SZ, 59 条
2026-04-04 11:20:09 [source.baostock] INFO: Baostock 初始化成功
2026-04-04 11:20:09 [source.baostock] INFO: Baostock 获取成功: 159632.SZ, 59 条
2026-04-04 11:21:50 [source.baostock] INFO: Baostock 初始化成功
2026-04-04 11:21:50 [source.baostock] INFO: Baostock 获取成功: 159632.SZ, 59 条
2026-04-04 11:22:10 [source.baostock] INFO: Baostock 初始化成功
2026-04-04 11:22:11 [source.baostock] INFO: Baostock 获取成功: 159632.SZ, 59 条
2026-04-04 11:22:33 [source.baostock] INFO: Baostock 初始化成功
2026-04-04 11:22:33 [source.baostock] INFO: Baostock 获取成功: 159632.SZ, 59 条
2026-04-04 11:23:49 [source.baostock] INFO: Baostock 初始化成功
2026-04-04 11:23:51 [source.baostock] INFO: Baostock 获取成功: 159632.SZ, 59 条
2026-04-04 11:24:29 [source.baostock] INFO: Baostock 初始化成功
2026-04-04 11:24:30 [source.baostock] INFO: Baostock 获取成功: 159632.SZ, 59 条
2026-04-04 11:27:04 [source.baostock] INFO: Baostock 初始化成功
2026-04-04 11:27:05 [source.baostock] INFO: Baostock 获取成功: 159632.SZ, 59 条
2026-04-04 11:28:28 [source.baostock] ERROR: Baostock 查询错误 159941.SZ: 网络接收错误。
2026-04-04 11:28:28 [source.baostock] ERROR: Baostock 查询错误 159632.SZ: 网络接收错误。
2026-04-04 11:28:28 [source.baostock] ERROR: Baostock 查询错误 159941.SZ: 网络接收错误。
2026-04-04 11:28:28 [source.baostock] ERROR: Baostock 查询错误 159941.SZ: 网络接收错误。
2026-04-04 11:28:28 [source.baostock] INFO: Baostock 获取成功: 159632.SZ, 59 条
2026-04-04 11:28:28 [source.baostock] INFO: Baostock 获取成功: 159632.SZ, 177 条
2026-04-04 11:28:28 [source.baostock] INFO: Baostock 获取成功: 159632.SZ, 59 条
2026-04-04 11:28:28 [source.baostock] ERROR: Baostock 查询错误 159632.SZ: 网络接收错误。
2026-04-04 11:28:28 [source.baostock] ERROR: Baostock 查询错误 159632.SZ: 网络接收错误。
2026-04-04 11:28:29 [source.baostock] ERROR: Baostock 查询错误 159941.SZ: 网络接收错误。
2026-04-04 11:28:29 [source.baostock] ERROR: Baostock 查询错误 159632.SZ: 网络接收错误。
2026-04-04 11:28:34 [source.baostock] ERROR: Baostock 查询错误 159632.SZ: 网络接收错误。
2026-04-04 11:28:36 [source.baostock] ERROR: Baostock 查询错误 159632.SZ: 网络接收错误。
2026-04-04 11:29:52 [source.baostock] INFO: Baostock 初始化成功
2026-04-04 11:29:52 [source.baostock] INFO: Baostock 获取成功: 159632.SZ, 59 条
2026-04-04 11:29:53 [source.baostock] INFO: Baostock 获取成功: 159941.SZ, 59 条
2026-04-04 11:30:37 [source.baostock] INFO: Baostock 获取成功: 159632.SZ, 59 条
2026-04-04 11:31:36 [source.baostock] INFO: Baostock 获取成功: 159632.SZ, 59 条
2026-04-04 11:33:12 [source.baostock] INFO: Baostock 初始化成功
2026-04-04 11:33:13 [source.baostock] INFO: Baostock 获取成功: 159632.SZ, 59 条
2026-04-04 11:34:00 [source.baostock] INFO: Baostock 获取成功: 159632.SZ, 59 条
2026-04-04 11:34:28 [source.baostock] INFO: Baostock 初始化成功
2026-04-04 11:34:29 [source.baostock] INFO: Baostock 初始化成功
2026-04-04 11:34:29 [source.baostock] INFO: Baostock 初始化成功
2026-04-04 11:34:30 [source.baostock] INFO: Baostock 获取成功: 159632.SZ, 59 条
2026-04-04 11:34:30 [source.baostock] INFO: Baostock 获取成功: 159632.SZ, 59 条
2026-04-04 11:34:30 [source.baostock] INFO: Baostock 获取成功: 159632.SZ, 59 条
2026-04-04 11:34:32 [source.baostock] INFO: Baostock 初始化成功
2026-04-04 11:34:33 [source.baostock] INFO: Baostock 获取成功: 159632.SZ, 59 条
2026-04-04 11:34:33 [source.baostock] INFO: Baostock 获取成功: 159632.SZ, 59 条
2026-04-04 11:34:47 [source.baostock] INFO: Baostock 获取成功: 159632.SZ, 59 条
2026-04-04 11:35:04 [source.baostock] INFO: Baostock 获取成功: 159632.SZ, 59 条
2026-04-04 11:35:06 [source.baostock] INFO: Baostock 获取成功: 159632.SZ, 59 条
